{"/Users/antonyalfredoculquicarranza/Documents/sls-reto-rimac/src/functions/films/getFilmSwapi.js": {"path":"/Users/antonyalfredoculquicarranza/Documents/sls-reto-rimac/src/functions/films/getFilmSwapi.js","statementMap":{"0":{"start":{"line":1,"column":21},"end":{"line":1,"column":51}},"1":{"start":{"line":2,"column":20},"end":{"line":2,"column":47}},"2":{"start":{"line":3,"column":17},"end":{"line":3,"column":45}},"3":{"start":{"line":5,"column":16},"end":{"line":17,"column":1}},"4":{"start":{"line":6,"column":2},"end":{"line":16,"column":3}},"5":{"start":{"line":7,"column":19},"end":{"line":7,"column":39}},"6":{"start":{"line":8,"column":16},"end":{"line":8,"column":69}},"7":{"start":{"line":9,"column":17},"end":{"line":9,"column":33}},"8":{"start":{"line":10,"column":4},"end":{"line":10,"column":96}},"9":{"start":{"line":10,"column":39},"end":{"line":10,"column":96}},"10":{"start":{"line":12,"column":23},"end":{"line":12,"column":37}},"11":{"start":{"line":13,"column":4},"end":{"line":13,"column":41}},"12":{"start":{"line":15,"column":4},"end":{"line":15,"column":28}},"13":{"start":{"line":19,"column":0},"end":{"line":19,"column":26}}},"fnMap":{"0":{"name":"(anonymous_0)","decl":{"start":{"line":5,"column":16},"end":{"line":5,"column":17}},"loc":{"start":{"line":5,"column":33},"end":{"line":17,"column":1}},"line":5}},"branchMap":{"0":{"loc":{"start":{"line":10,"column":4},"end":{"line":10,"column":96}},"type":"if","locations":[{"start":{"line":10,"column":4},"end":{"line":10,"column":96}},{"start":{},"end":{}}],"line":10}},"s":{"0":1,"1":1,"2":1,"3":1,"4":2,"5":2,"6":2,"7":2,"8":2,"9":1,"10":1,"11":1,"12":1,"13":1},"f":{"0":2},"b":{"0":[1,1]},"_coverageSchema":"1a1c01bbd47fc00a2c39e90264f33305004495a9","hash":"3fce7df7444bb421c20e1763c2f5a8294ff607d9"}
,"/Users/antonyalfredoculquicarranza/Documents/sls-reto-rimac/src/functions/films/getFilmsSwapi.js": {"path":"/Users/antonyalfredoculquicarranza/Documents/sls-reto-rimac/src/functions/films/getFilmsSwapi.js","statementMap":{"0":{"start":{"line":1,"column":21},"end":{"line":1,"column":51}},"1":{"start":{"line":2,"column":17},"end":{"line":2,"column":45}},"2":{"start":{"line":4,"column":16},"end":{"line":13,"column":1}},"3":{"start":{"line":5,"column":2},"end":{"line":12,"column":3}},"4":{"start":{"line":6,"column":16},"end":{"line":6,"column":63}},"5":{"start":{"line":7,"column":17},"end":{"line":7,"column":33}},"6":{"start":{"line":8,"column":23},"end":{"line":8,"column":37}},"7":{"start":{"line":9,"column":4},"end":{"line":9,"column":41}},"8":{"start":{"line":11,"column":4},"end":{"line":11,"column":28}},"9":{"start":{"line":15,"column":0},"end":{"line":15,"column":26}}},"fnMap":{"0":{"name":"(anonymous_0)","decl":{"start":{"line":4,"column":16},"end":{"line":4,"column":17}},"loc":{"start":{"line":4,"column":33},"end":{"line":13,"column":1}},"line":4}},"branchMap":{},"s":{"0":1,"1":1,"2":1,"3":1,"4":1,"5":1,"6":1,"7":1,"8":0,"9":1},"f":{"0":1},"b":{},"_coverageSchema":"1a1c01bbd47fc00a2c39e90264f33305004495a9","hash":"4d56d6094c84677fb1411467413c52cfedb8f35b"}
,"/Users/antonyalfredoculquicarranza/Documents/sls-reto-rimac/src/functions/utils/traducir.js": {"path":"/Users/antonyalfredoculquicarranza/Documents/sls-reto-rimac/src/functions/utils/traducir.js","statementMap":{"0":{"start":{"line":1,"column":18},"end":{"line":44,"column":3}},"1":{"start":{"line":2,"column":29},"end":{"line":2,"column":33}},"2":{"start":{"line":3,"column":4},"end":{"line":25,"column":5}},"3":{"start":{"line":4,"column":20},"end":{"line":4,"column":22}},"4":{"start":{"line":5,"column":8},"end":{"line":23,"column":10}},"5":{"start":{"line":6,"column":12},"end":{"line":21,"column":15}},"6":{"start":{"line":22,"column":12},"end":{"line":22,"column":26}},"7":{"start":{"line":24,"column":8},"end":{"line":24,"column":18}},"8":{"start":{"line":27,"column":4},"end":{"line":42,"column":7}},"9":{"start":{"line":46,"column":2},"end":{"line":46,"column":27}}},"fnMap":{"0":{"name":"(anonymous_0)","decl":{"start":{"line":1,"column":18},"end":{"line":1,"column":19}},"loc":{"start":{"line":1,"column":28},"end":{"line":44,"column":3}},"line":1},"1":{"name":"(anonymous_1)","decl":{"start":{"line":5,"column":25},"end":{"line":5,"column":26}},"loc":{"start":{"line":5,"column":35},"end":{"line":23,"column":9}},"line":5}},"branchMap":{"0":{"loc":{"start":{"line":2,"column":11},"end":{"line":2,"column":25}},"type":"default-arg","locations":[{"start":{"line":2,"column":21},"end":{"line":2,"column":25}}],"line":2},"1":{"loc":{"start":{"line":3,"column":4},"end":{"line":25,"column":5}},"type":"if","locations":[{"start":{"line":3,"column":4},"end":{"line":25,"column":5}},{"start":{},"end":{}}],"line":3}},"s":{"0":2,"1":2,"2":2,"3":1,"4":1,"5":7,"6":7,"7":1,"8":1,"9":2},"f":{"0":2,"1":7},"b":{"0":[1],"1":[1,1]},"_coverageSchema":"1a1c01bbd47fc00a2c39e90264f33305004495a9","hash":"8c11ebf37ea8dd2a215bd07c56f57a684bf2cd3a"}
,"/Users/antonyalfredoculquicarranza/Documents/sls-reto-rimac/src/libs/error.js": {"path":"/Users/antonyalfredoculquicarranza/Documents/sls-reto-rimac/src/libs/error.js","statementMap":{"0":{"start":{"line":3,"column":8},"end":{"line":3,"column":22}},"1":{"start":{"line":4,"column":8},"end":{"line":4,"column":36}},"2":{"start":{"line":8,"column":8},"end":{"line":8,"column":43}},"3":{"start":{"line":12,"column":0},"end":{"line":12,"column":29}}},"fnMap":{"0":{"name":"(anonymous_0)","decl":{"start":{"line":2,"column":4},"end":{"line":2,"column":5}},"loc":{"start":{"line":2,"column":43},"end":{"line":5,"column":5}},"line":2},"1":{"name":"(anonymous_1)","decl":{"start":{"line":7,"column":4},"end":{"line":7,"column":5}},"loc":{"start":{"line":7,"column":27},"end":{"line":9,"column":5}},"line":7}},"branchMap":{"0":{"loc":{"start":{"line":2,"column":25},"end":{"line":2,"column":41}},"type":"default-arg","locations":[{"start":{"line":2,"column":38},"end":{"line":2,"column":41}}],"line":2}},"s":{"0":1,"1":1,"2":1,"3":2},"f":{"0":1,"1":1},"b":{"0":[0]},"_coverageSchema":"1a1c01bbd47fc00a2c39e90264f33305004495a9","hash":"fb089fa58668c42b1be4d931cf67842a8fb1311a"}
,"/Users/antonyalfredoculquicarranza/Documents/sls-reto-rimac/src/libs/response.js": {"path":"/Users/antonyalfredoculquicarranza/Documents/sls-reto-rimac/src/libs/response.js","statementMap":{"0":{"start":{"line":1,"column":20},"end":{"line":1,"column":38}},"1":{"start":{"line":2,"column":16},"end":{"line":4,"column":1}},"2":{"start":{"line":6,"column":21},"end":{"line":20,"column":1}},"3":{"start":{"line":7,"column":19},"end":{"line":7,"column":22}},"4":{"start":{"line":8,"column":16},"end":{"line":8,"column":45}},"5":{"start":{"line":9,"column":2},"end":{"line":14,"column":3}},"6":{"start":{"line":10,"column":4},"end":{"line":10,"column":33}},"7":{"start":{"line":11,"column":4},"end":{"line":11,"column":27}},"8":{"start":{"line":13,"column":4},"end":{"line":13,"column":24}},"9":{"start":{"line":15,"column":2},"end":{"line":19,"column":3}},"10":{"start":{"line":22,"column":23},"end":{"line":28,"column":1}},"11":{"start":{"line":23,"column":2},"end":{"line":27,"column":3}},"12":{"start":{"line":30,"column":21},"end":{"line":35,"column":1}},"13":{"start":{"line":31,"column":2},"end":{"line":33,"column":3}},"14":{"start":{"line":32,"column":4},"end":{"line":32,"column":30}},"15":{"start":{"line":34,"column":2},"end":{"line":34,"column":41}},"16":{"start":{"line":37,"column":0},"end":{"line":37,"column":29}}},"fnMap":{"0":{"name":"(anonymous_0)","decl":{"start":{"line":6,"column":21},"end":{"line":6,"column":22}},"loc":{"start":{"line":6,"column":32},"end":{"line":20,"column":1}},"line":6},"1":{"name":"(anonymous_1)","decl":{"start":{"line":22,"column":23},"end":{"line":22,"column":24}},"loc":{"start":{"line":22,"column":45},"end":{"line":28,"column":1}},"line":22},"2":{"name":"(anonymous_2)","decl":{"start":{"line":30,"column":21},"end":{"line":30,"column":22}},"loc":{"start":{"line":30,"column":63},"end":{"line":35,"column":1}},"line":30}},"branchMap":{"0":{"loc":{"start":{"line":9,"column":2},"end":{"line":14,"column":3}},"type":"if","locations":[{"start":{"line":9,"column":2},"end":{"line":14,"column":3}},{"start":{"line":12,"column":9},"end":{"line":14,"column":3}}],"line":9},"1":{"loc":{"start":{"line":30,"column":29},"end":{"line":30,"column":40}},"type":"default-arg","locations":[{"start":{"line":30,"column":36},"end":{"line":30,"column":40}}],"line":30},"2":{"loc":{"start":{"line":30,"column":42},"end":{"line":30,"column":58}},"type":"default-arg","locations":[{"start":{"line":30,"column":55},"end":{"line":30,"column":58}}],"line":30},"3":{"loc":{"start":{"line":31,"column":2},"end":{"line":33,"column":3}},"type":"if","locations":[{"start":{"line":31,"column":2},"end":{"line":33,"column":3}},{"start":{},"end":{}}],"line":31}},"s":{"0":2,"1":2,"2":2,"3":1,"4":1,"5":1,"6":1,"7":1,"8":0,"9":1,"10":2,"11":2,"12":2,"13":3,"14":1,"15":2,"16":2},"f":{"0":1,"1":2,"2":3},"b":{"0":[1,0],"1":[1],"2":[3],"3":[1,2]},"_coverageSchema":"1a1c01bbd47fc00a2c39e90264f33305004495a9","hash":"7f7f07dfec07f0eb0a22dc302afa3d4ddeacffee"}
,"/Users/antonyalfredoculquicarranza/Documents/sls-reto-rimac/test/util.js": {"path":"/Users/antonyalfredoculquicarranza/Documents/sls-reto-rimac/test/util.js","statementMap":{"0":{"start":{"line":1,"column":26},"end":{"line":1,"column":59}},"1":{"start":{"line":3,"column":16},"end":{"line":8,"column":1}},"2":{"start":{"line":4,"column":2},"end":{"line":7,"column":3}},"3":{"start":{"line":10,"column":0},"end":{"line":14,"column":1}},"4":{"start":{"line":11,"column":18},"end":{"line":11,"column":65}},"5":{"start":{"line":12,"column":19},"end":{"line":12,"column":56}},"6":{"start":{"line":13,"column":2},"end":{"line":13,"column":26}},"7":{"start":{"line":16,"column":0},"end":{"line":20,"column":1}},"8":{"start":{"line":17,"column":18},"end":{"line":17,"column":65}},"9":{"start":{"line":18,"column":19},"end":{"line":18,"column":68}},"10":{"start":{"line":19,"column":2},"end":{"line":19,"column":26}}},"fnMap":{"0":{"name":"(anonymous_0)","decl":{"start":{"line":3,"column":16},"end":{"line":3,"column":17}},"loc":{"start":{"line":3,"column":30},"end":{"line":8,"column":1}},"line":3},"1":{"name":"(anonymous_1)","decl":{"start":{"line":10,"column":27},"end":{"line":10,"column":28}},"loc":{"start":{"line":10,"column":58},"end":{"line":14,"column":1}},"line":10},"2":{"name":"(anonymous_2)","decl":{"start":{"line":16,"column":25},"end":{"line":16,"column":26}},"loc":{"start":{"line":16,"column":46},"end":{"line":20,"column":1}},"line":16}},"branchMap":{},"s":{"0":2,"1":2,"2":3,"3":2,"4":3,"5":3,"6":3,"7":2,"8":0,"9":0,"10":0},"f":{"0":3,"1":3,"2":0},"b":{},"_coverageSchema":"1a1c01bbd47fc00a2c39e90264f33305004495a9","hash":"4a5966693520b251b1877905be8a61d57e3b78d9"}
}
