TN:
SF:src/functions/films/getFilmSwapi.js
FN:5,(anonymous_0)
FNF:1
FNH:1
FNDA:2,(anonymous_0)
DA:1,1
DA:2,1
DA:3,1
DA:5,1
DA:6,2
DA:7,2
DA:8,2
DA:9,2
DA:10,2
DA:12,1
DA:13,1
DA:15,1
DA:19,1
LF:13
LH:13
BRDA:10,0,0,1
BRDA:10,0,1,1
BRF:2
BRH:2
end_of_record
TN:
SF:src/functions/films/getFilmsSwapi.js
FN:4,(anonymous_0)
FNF:1
FNH:1
FNDA:1,(anonymous_0)
DA:1,1
DA:2,1
DA:4,1
DA:5,1
DA:6,1
DA:7,1
DA:8,1
DA:9,1
DA:11,0
DA:15,1
LF:10
LH:9
BRF:0
BRH:0
end_of_record
TN:
SF:src/functions/utils/traducir.js
FN:1,(anonymous_0)
FN:5,(anonymous_1)
FNF:2
FNH:2
FNDA:2,(anonymous_0)
FNDA:7,(anonymous_1)
DA:1,2
DA:2,2
DA:3,2
DA:4,1
DA:5,1
DA:6,7
DA:22,7
DA:24,1
DA:27,1
DA:46,2
LF:10
LH:10
BRDA:2,0,0,1
BRDA:3,1,0,1
BRDA:3,1,1,1
BRF:3
BRH:3
end_of_record
TN:
SF:src/libs/error.js
FN:2,(anonymous_0)
FN:7,(anonymous_1)
FNF:2
FNH:2
FNDA:1,(anonymous_0)
FNDA:1,(anonymous_1)
DA:3,1
DA:4,1
DA:8,1
DA:12,2
LF:4
LH:4
BRDA:2,0,0,0
BRF:1
BRH:0
end_of_record
TN:
SF:src/libs/response.js
FN:6,(anonymous_0)
FN:22,(anonymous_1)
FN:30,(anonymous_2)
FNF:3
FNH:3
FNDA:1,(anonymous_0)
FNDA:2,(anonymous_1)
FNDA:3,(anonymous_2)
DA:1,2
DA:2,2
DA:6,2
DA:7,1
DA:8,1
DA:9,1
DA:10,1
DA:11,1
DA:13,0
DA:15,1
DA:22,2
DA:23,2
DA:30,2
DA:31,3
DA:32,1
DA:34,2
DA:37,2
LF:17
LH:16
BRDA:9,0,0,1
BRDA:9,0,1,0
BRDA:30,1,0,1
BRDA:30,2,0,3
BRDA:31,3,0,1
BRDA:31,3,1,2
BRF:6
BRH:5
end_of_record
TN:
SF:test/util.js
FN:3,(anonymous_0)
FN:10,(anonymous_1)
FN:16,(anonymous_2)
FNF:3
FNH:2
FNDA:3,(anonymous_0)
FNDA:3,(anonymous_1)
FNDA:0,(anonymous_2)
DA:1,2
DA:3,2
DA:4,3
DA:10,2
DA:11,3
DA:12,3
DA:13,3
DA:16,2
DA:17,0
DA:18,0
DA:19,0
LF:11
LH:8
BRF:0
BRH:0
end_of_record
